#
# There is insufficient memory for the Java Runtime Environment to continue.
# Native memory allocation (mmap) failed to map 65536 bytes for Failed to commit metaspace.
# Possible reasons:
#   The system is out of physical RAM or swap space
#   The process is running with CompressedOops enabled, and the Java Heap may be blocking the growth of the native heap
# Possible solutions:
#   Reduce memory load on the system
#   Increase physical memory or swap space
#   Check if swap backing store is full
#   Decrease Java heap size (-Xmx/-Xms)
#   Decrease number of Java threads
#   Decrease Java thread stack sizes (-Xss)
#   Set larger code cache with -XX:ReservedCodeCacheSize=
#   JVM is running with Unscaled Compressed Oops mode in which the Java heap is
#     placed in the first 4GB address space. The Java Heap base address is the
#     maximum limit for the native heap growth. Please use -XX:HeapBaseMinAddress
#     to set the Java Heap base and to place the Java Heap above 4GB virtual address.
# This output file may be truncated or incomplete.
#
#  Out of Memory Error (virtualSpaceNode.cpp:110), pid=8060, tid=16884
#
# JRE version: Java(TM) SE Runtime Environment (17.0.12+8) (build 17.0.12+8-LTS-286)
# Java VM: Java HotSpot(TM) 64-Bit Server VM (17.0.12+8-LTS-286, mixed mode, tiered, compressed oops, compressed class ptrs, g1 gc, windows-amd64)
# No core dump will be written. Minidumps are not enabled by default on client versions of Windows
#

---------------  S U M M A R Y ------------

Command Line: -Dorg.gradle.internal.worker.tmpdir=D:\Java_Workspace\netflixDgx\build\tmp\test\work -Xmx512m -Dfile.encoding=UTF-8 -Duser.country=IN -Duser.language=en -Duser.variant -ea worker.org.gradle.process.internal.worker.GradleWorkerMain 'Gradle Test Executor 1'

Host: Intel(R) Core(TM) i3-3240 CPU @ 3.40GHz, 4 cores, 3G,  Windows 10 , 64 bit Build 19041 (10.0.19041.5915)
Time: Tue Mar 10 10:43:26 2026 India Standard Time elapsed time: 0.359845 seconds (0d 0h 0m 0s)

---------------  T H R E A D  ---------------

Current thread (0x00000240e32420e0):  JavaThread "main" [_thread_in_vm, id=16884, stack(0x000000df11800000,0x000000df11900000)]

Stack: [0x000000df11800000,0x000000df11900000]
Native frames: (J=compiled Java code, j=interpreted, Vv=VM code, C=native code)
V  [jvm.dll+0x67a04a]
V  [jvm.dll+0x7da4ed]
V  [jvm.dll+0x7dbe33]
V  [jvm.dll+0x7dc4a3]
V  [jvm.dll+0x24508f]
V  [jvm.dll+0x7d60bb]
V  [jvm.dll+0x6206c6]
V  [jvm.dll+0x62072a]
V  [jvm.dll+0x622f4d]
V  [jvm.dll+0x621086]
V  [jvm.dll+0x23a821]
V  [jvm.dll+0x1e8e87]
V  [jvm.dll+0x1dea41]
V  [jvm.dll+0x53f78c]
V  [jvm.dll+0x1ef3ca]
V  [jvm.dll+0x7547ad]
V  [jvm.dll+0x755bc6]
V  [jvm.dll+0x414b95]
C  [java.dll+0x1a55]

Java frames: (J=compiled Java code, j=interpreted, Vv=VM code)
j  java.lang.ClassLoader.findBootstrapClass(Ljava/lang/String;)Ljava/lang/Class;+0 java.base@17.0.12
j  java.lang.ClassLoader.findBootstrapClassOrNull(Ljava/lang/String;)Ljava/lang/Class;+10 java.base@17.0.12
j  java.lang.System$2.findBootstrapClassOrNull(Ljava/lang/String;)Ljava/lang/Class;+1 java.base@17.0.12
j  jdk.internal.loader.ClassLoaders$BootClassLoader.loadClassOrNull(Ljava/lang/String;Z)Ljava/lang/Class;+4 java.base@17.0.12
j  jdk.internal.loader.BuiltinClassLoader.loadClassOrNull(Ljava/lang/String;)Ljava/lang/Class;+3 java.base@17.0.12
j  jdk.internal.loader.BuiltinClassLoader.loadClassOrNull(Ljava/lang/String;Z)Ljava/lang/Class;+66 java.base@17.0.12
j  jdk.internal.loader.BuiltinClassLoader.loadClass(Ljava/lang/String;Z)Ljava/lang/Class;+3 java.base@17.0.12
j  jdk.internal.loader.ClassLoaders$AppClassLoader.loadClass(Ljava/lang/String;Z)Ljava/lang/Class;+36 java.base@17.0.12
j  java.lang.ClassLoader.loadClass(Ljava/lang/String;)Ljava/lang/Class;+3 java.base@17.0.12
v  ~StubRoutines::call_stub
j  java.lang.Class.getDeclaredMethods0(Z)[Ljava/lang/reflect/Method;+0 java.base@17.0.12
j  java.lang.Class.privateGetDeclaredMethods(Z)[Ljava/lang/reflect/Method;+34 java.base@17.0.12
j  java.lang.Class.getMethodsRecursive(Ljava/lang/String;[Ljava/lang/Class;Z)Ljava/lang/PublicMethods$MethodList;+2 java.base@17.0.12
j  java.lang.Class.getMethod0(Ljava/lang/String;[Ljava/lang/Class;)Ljava/lang/reflect/Method;+14 java.base@17.0.12
j  java.lang.Class.getMethod(Ljava/lang/String;[Ljava/lang/Class;)Ljava/lang/reflect/Method;+26 java.base@17.0.12
j  sun.launcher.LauncherHelper.validateMainClass(Ljava/lang/Class;)V+16 java.base@17.0.12
j  sun.launcher.LauncherHelper.checkAndLoadMain(ZILjava/lang/String;)Ljava/lang/Class;+80 java.base@17.0.12
v  ~StubRoutines::call_stub

---------------  P R O C E S S  ---------------

Threads class SMR info:
_java_thread_list=0x00000240804544c0, length=12, elements={
0x00000240e32420e0, 0x0000024080187620, 0x00000240e330e3a0, 0x00000240801900b0,
0x0000024080191990, 0x0000024080192a00, 0x0000024080193a70, 0x0000024080195e20,
0x000002408015b820, 0x000002408015e8e0, 0x0000024080430e40, 0x0000024080457020
}

Java Threads: ( => current thread )
=>0x00000240e32420e0 JavaThread "main" [_thread_in_vm, id=16884, stack(0x000000df11800000,0x000000df11900000)]
  0x0000024080187620 JavaThread "Reference Handler" daemon [_thread_blocked, id=12112, stack(0x000000df11f00000,0x000000df12000000)]
  0x00000240e330e3a0 JavaThread "Finalizer" daemon [_thread_blocked, id=14544, stack(0x000000df12000000,0x000000df12100000)]
  0x00000240801900b0 JavaThread "Signal Dispatcher" daemon [_thread_blocked, id=14160, stack(0x000000df12100000,0x000000df12200000)]
  0x0000024080191990 JavaThread "Attach Listener" daemon [_thread_blocked, id=12644, stack(0x000000df12200000,0x000000df12300000)]
  0x0000024080192a00 JavaThread "Service Thread" daemon [_thread_blocked, id=13528, stack(0x000000df12300000,0x000000df12400000)]
  0x0000024080193a70 JavaThread "Monitor Deflation Thread" daemon [_thread_blocked, id=4716, stack(0x000000df12400000,0x000000df12500000)]
  0x0000024080195e20 JavaThread "C2 CompilerThread0" daemon [_thread_blocked, id=5132, stack(0x000000df12500000,0x000000df12600000)]
  0x000002408015b820 JavaThread "C1 CompilerThread0" daemon [_thread_blocked, id=13936, stack(0x000000df12600000,0x000000df12700000)]
  0x000002408015e8e0 JavaThread "Sweeper thread" daemon [_thread_blocked, id=13364, stack(0x000000df12700000,0x000000df12800000)]
  0x0000024080430e40 JavaThread "Notification Thread" daemon [_thread_blocked, id=7204, stack(0x000000df12800000,0x000000df12900000)]
  0x0000024080457020 JavaThread "Common-Cleaner" daemon [_thread_blocked, id=3196, stack(0x000000df12a00000,0x000000df12b00000)]

Other Threads:
  0x00000240e32edfd0 VMThread "VM Thread" [stack: 0x000000df11e00000,0x000000df11f00000] [id=15920]
  0x0000024080713d40 WatcherThread [stack: 0x000000df12900000,0x000000df12a00000] [id=11724]
  0x00000240e326f460 GCTaskThread "GC Thread#0" [stack: 0x000000df11900000,0x000000df11a00000] [id=13280]
  0x00000240e32751d0 ConcurrentGCThread "G1 Main Marker" [stack: 0x000000df11a00000,0x000000df11b00000] [id=12804]
  0x00000240e3276190 ConcurrentGCThread "G1 Conc#0" [stack: 0x000000df11b00000,0x000000df11c00000] [id=196]
  0x00000240e32c4880 ConcurrentGCThread "G1 Refine#0" [stack: 0x000000df11c00000,0x000000df11d00000] [id=10808]
  0x00000240e32c50c0 ConcurrentGCThread "G1 Service" [stack: 0x000000df11d00000,0x000000df11e00000] [id=4972]

Threads with active compile tasks:

VM state: not at safepoint (normal execution)

VM Mutex/Monitor currently owned by a thread:  ([mutex/lock_event])
[0x00000240e323bea0] Metaspace_lock - owner thread: 0x00000240e32420e0

Heap address: 0x00000000e0000000, size: 512 MB, Compressed Oops mode: 32-bit

CDS archive(s) not mapped
Compressed class space mapped at: 0x0000000100000000-0x0000000140000000, reserved size: 1073741824
Narrow klass base: 0x0000000000000000, Narrow klass shift: 3, Narrow klass range: 0x140000000

GC Precious Log:
 CPUs: 4 total, 4 available
 Memory: 3989M
 Large Page Support: Disabled
 NUMA Support: Disabled
 Compressed Oops: Enabled (32-bit)
 Heap Region Size: 1M
 Heap Min Capacity: 8M
 Heap Initial Capacity: 64M
 Heap Max Capacity: 512M
 Pre-touch: Disabled
 Parallel Workers: 4
 Concurrent Workers: 1
 Concurrent Refinement Workers: 4
 Periodic GC: Disabled

Heap:
 garbage-first heap   total 65536K, used 1024K [0x00000000e0000000, 0x0000000100000000)
  region size 1024K, 2 young (2048K), 0 survivors (0K)
 Metaspace       used 4547K, committed 4672K, reserved 1114112K
  class space    used 380K, committed 448K, reserved 1048576K

Heap Regions: E=young(eden), S=young(survivor), O=old, HS=humongous(starts), HC=humongous(continues), CS=collection set, F=free, OA=open archive, CA=closed archive, TAMS=top-at-mark-start (previous, next)
|   0|0x00000000e0000000, 0x00000000e0000000, 0x00000000e0100000|  0%| F|  |TAMS 0x00000000e0000000, 0x00000000e0000000| Untracked 
|   1|0x00000000e0100000, 0x00000000e0100000, 0x00000000e0200000|  0%| F|  |TAMS 0x00000000e0100000, 0x00000000e0100000| Untracked 
|   2|0x00000000e0200000, 0x00000000e0200000, 0x00000000e0300000|  0%| F|  |TAMS 0x00000000e0200000, 0x00000000e0200000| Untracked 
|   3|0x00000000e0300000, 0x00000000e0300000, 0x00000000e0400000|  0%| F|  |TAMS 0x00000000e0300000, 0x00000000e0300000| Untracked 
|   4|0x00000000e0400000, 0x00000000e0400000, 0x00000000e0500000|  0%| F|  |TAMS 0x00000000e0400000, 0x00000000e0400000| Untracked 
|   5|0x00000000e0500000, 0x00000000e0500000, 0x00000000e0600000|  0%| F|  |TAMS 0x00000000e0500000, 0x00000000e0500000| Untracked 
|   6|0x00000000e0600000, 0x00000000e0600000, 0x00000000e0700000|  0%| F|  |TAMS 0x00000000e0600000, 0x00000000e0600000| Untracked 
|   7|0x00000000e0700000, 0x00000000e0700000, 0x00000000e0800000|  0%| F|  |TAMS 0x00000000e0700000, 0x00000000e0700000| Untracked 
|   8|0x00000000e0800000, 0x00000000e0800000, 0x00000000e0900000|  0%| F|  |TAMS 0x00000000e0800000, 0x00000000e0800000| Untracked 
|   9|0x00000000e0900000, 0x00000000e0900000, 0x00000000e0a00000|  0%| F|  |TAMS 0x00000000e0900000, 0x00000000e0900000| Untracked 
|  10|0x00000000e0a00000, 0x00000000e0a00000, 0x00000000e0b00000|  0%| F|  |TAMS 0x00000000e0a00000, 0x00000000e0a00000| Untracked 
|  11|0x00000000e0b00000, 0x00000000e0b00000, 0x00000000e0c00000|  0%| F|  |TAMS 0x00000000e0b00000, 0x00000000e0b00000| Untracked 
|  12|0x00000000e0c00000, 0x00000000e0c00000, 0x00000000e0d00000|  0%| F|  |TAMS 0x00000000e0c00000, 0x00000000e0c00000| Untracked 
|  13|0x00000000e0d00000, 0x00000000e0d00000, 0x00000000e0e00000|  0%| F|  |TAMS 0x00000000e0d00000, 0x00000000e0d00000| Untracked 
|  14|0x00000000e0e00000, 0x00000000e0e00000, 0x00000000e0f00000|  0%| F|  |TAMS 0x00000000e0e00000, 0x00000000e0e00000| Untracked 
|  15|0x00000000e0f00000, 0x00000000e0f00000, 0x00000000e1000000|  0%| F|  |TAMS 0x00000000e0f00000, 0x00000000e0f00000| Untracked 
|  16|0x00000000e1000000, 0x00000000e1000000, 0x00000000e1100000|  0%| F|  |TAMS 0x00000000e1000000, 0x00000000e1000000| Untracked 
|  17|0x00000000e1100000, 0x00000000e1100000, 0x00000000e1200000|  0%| F|  |TAMS 0x00000000e1100000, 0x00000000e1100000| Untracked 
|  18|0x00000000e1200000, 0x00000000e1200000, 0x00000000e1300000|  0%| F|  |TAMS 0x00000000e1200000, 0x00000000e1200000| Untracked 
|  19|0x00000000e1300000, 0x00000000e1300000, 0x00000000e1400000|  0%| F|  |TAMS 0x00000000e1300000, 0x00000000e1300000| Untracked 
|  20|0x00000000e1400000, 0x00000000e1400000, 0x00000000e1500000|  0%| F|  |TAMS 0x00000000e1400000, 0x00000000e1400000| Untracked 
|  21|0x00000000e1500000, 0x00000000e1500000, 0x00000000e1600000|  0%| F|  |TAMS 0x00000000e1500000, 0x00000000e1500000| Untracked 
|  22|0x00000000e1600000, 0x00000000e1600000, 0x00000000e1700000|  0%| F|  |TAMS 0x00000000e1600000, 0x00000000e1600000| Untracked 
|  23|0x00000000e1700000, 0x00000000e1700000, 0x00000000e1800000|  0%| F|  |TAMS 0x00000000e1700000, 0x00000000e1700000| Untracked 
|  24|0x00000000e1800000, 0x00000000e1800000, 0x00000000e1900000|  0%| F|  |TAMS 0x00000000e1800000, 0x00000000e1800000| Untracked 
|  25|0x00000000e1900000, 0x00000000e1900000, 0x00000000e1a00000|  0%| F|  |TAMS 0x00000000e1900000, 0x00000000e1900000| Untracked 
|  26|0x00000000e1a00000, 0x00000000e1a00000, 0x00000000e1b00000|  0%| F|  |TAMS 0x00000000e1a00000, 0x00000000e1a00000| Untracked 
|  27|0x00000000e1b00000, 0x00000000e1b00000, 0x00000000e1c00000|  0%| F|  |TAMS 0x00000000e1b00000, 0x00000000e1b00000| Untracked 
|  28|0x00000000e1c00000, 0x00000000e1c00000, 0x00000000e1d00000|  0%| F|  |TAMS 0x00000000e1c00000, 0x00000000e1c00000| Untracked 
|  29|0x00000000e1d00000, 0x00000000e1d00000, 0x00000000e1e00000|  0%| F|  |TAMS 0x00000000e1d00000, 0x00000000e1d00000| Untracked 
|  30|0x00000000e1e00000, 0x00000000e1e00000, 0x00000000e1f00000|  0%| F|  |TAMS 0x00000000e1e00000, 0x00000000e1e00000| Untracked 
|  31|0x00000000e1f00000, 0x00000000e1f00000, 0x00000000e2000000|  0%| F|  |TAMS 0x00000000e1f00000, 0x00000000e1f00000| Untracked 
|  32|0x00000000e2000000, 0x00000000e2000000, 0x00000000e2100000|  0%| F|  |TAMS 0x00000000e2000000, 0x00000000e2000000| Untracked 
|  33|0x00000000e2100000, 0x00000000e2100000, 0x00000000e2200000|  0%| F|  |TAMS 0x00000000e2100000, 0x00000000e2100000| Untracked 
|  34|0x00000000e2200000, 0x00000000e2200000, 0x00000000e2300000|  0%| F|  |TAMS 0x00000000e2200000, 0x00000000e2200000| Untracked 
|  35|0x00000000e2300000, 0x00000000e2300000, 0x00000000e2400000|  0%| F|  |TAMS 0x00000000e2300000, 0x00000000e2300000| Untracked 
|  36|0x00000000e2400000, 0x00000000e2400000, 0x00000000e2500000|  0%| F|  |TAMS 0x00000000e2400000, 0x00000000e2400000| Untracked 
|  37|0x00000000e2500000, 0x00000000e2500000, 0x00000000e2600000|  0%| F|  |TAMS 0x00000000e2500000, 0x00000000e2500000| Untracked 
|  38|0x00000000e2600000, 0x00000000e2600000, 0x00000000e2700000|  0%| F|  |TAMS 0x00000000e2600000, 0x00000000e2600000| Untracked 
|  39|0x00000000e2700000, 0x00000000e2700000, 0x00000000e2800000|  0%| F|  |TAMS 0x00000000e2700000, 0x00000000e2700000| Untracked 
|  40|0x00000000e2800000, 0x00000000e2800000, 0x00000000e2900000|  0%| F|  |TAMS 0x00000000e2800000, 0x00000000e2800000| Untracked 
|  41|0x00000000e2900000, 0x00000000e2900000, 0x00000000e2a00000|  0%| F|  |TAMS 0x00000000e2900000, 0x00000000e2900000| Untracked 
|  42|0x00000000e2a00000, 0x00000000e2a00000, 0x00000000e2b00000|  0%| F|  |TAMS 0x00000000e2a00000, 0x00000000e2a00000| Untracked 
|  43|0x00000000e2b00000, 0x00000000e2b00000, 0x00000000e2c00000|  0%| F|  |TAMS 0x00000000e2b00000, 0x00000000e2b00000| Untracked 
|  44|0x00000000e2c00000, 0x00000000e2c00000, 0x00000000e2d00000|  0%| F|  |TAMS 0x00000000e2c00000, 0x00000000e2c00000| Untracked 
|  45|0x00000000e2d00000, 0x00000000e2d00000, 0x00000000e2e00000|  0%| F|  |TAMS 0x00000000e2d00000, 0x00000000e2d00000| Untracked 
|  46|0x00000000e2e00000, 0x00000000e2e00000, 0x00000000e2f00000|  0%| F|  |TAMS 0x00000000e2e00000, 0x00000000e2e00000| Untracked 
|  47|0x00000000e2f00000, 0x00000000e2f00000, 0x00000000e3000000|  0%| F|  |TAMS 0x00000000e2f00000, 0x00000000e2f00000| Untracked 
|  48|0x00000000e3000000, 0x00000000e3000000, 0x00000000e3100000|  0%| F|  |TAMS 0x00000000e3000000, 0x00000000e3000000| Untracked 
|  49|0x00000000e3100000, 0x00000000e3100000, 0x00000000e3200000|  0%| F|  |TAMS 0x00000000e3100000, 0x00000000e3100000| Untracked 
|  50|0x00000000e3200000, 0x00000000e3200000, 0x00000000e3300000|  0%| F|  |TAMS 0x00000000e3200000, 0x00000000e3200000| Untracked 
|  51|0x00000000e3300000, 0x00000000e3300000, 0x00000000e3400000|  0%| F|  |TAMS 0x00000000e3300000, 0x00000000e3300000| Untracked 
|  52|0x00000000e3400000, 0x00000000e3400000, 0x00000000e3500000|  0%| F|  |TAMS 0x00000000e3400000, 0x00000000e3400000| Untracked 
|  53|0x00000000e3500000, 0x00000000e3500000, 0x00000000e3600000|  0%| F|  |TAMS 0x00000000e3500000, 0x00000000e3500000| Untracked 
|  54|0x00000000e3600000, 0x00000000e3600000, 0x00000000e3700000|  0%| F|  |TAMS 0x00000000e3600000, 0x00000000e3600000| Untracked 
|  55|0x00000000e3700000, 0x00000000e3700000, 0x00000000e3800000|  0%| F|  |TAMS 0x00000000e3700000, 0x00000000e3700000| Untracked 
|  56|0x00000000e3800000, 0x00000000e3800000, 0x00000000e3900000|  0%| F|  |TAMS 0x00000000e3800000, 0x00000000e3800000| Untracked 
|  57|0x00000000e3900000, 0x00000000e3900000, 0x00000000e3a00000|  0%| F|  |TAMS 0x00000000e3900000, 0x00000000e3900000| Untracked 
|  58|0x00000000e3a00000, 0x00000000e3a00000, 0x00000000e3b00000|  0%| F|  |TAMS 0x00000000e3a00000, 0x00000000e3a00000| Untracked 
|  59|0x00000000e3b00000, 0x00000000e3b00000, 0x00000000e3c00000|  0%| F|  |TAMS 0x00000000e3b00000, 0x00000000e3b00000| Untracked 
|  60|0x00000000e3c00000, 0x00000000e3c00000, 0x00000000e3d00000|  0%| F|  |TAMS 0x00000000e3c00000, 0x00000000e3c00000| Untracked 
|  61|0x00000000e3d00000, 0x00000000e3d00000, 0x00000000e3e00000|  0%| F|  |TAMS 0x00000000e3d00000, 0x00000000e3d00000| Untracked 
|  62|0x00000000e3e00000, 0x00000000e3e43140, 0x00000000e3f00000| 26%| E|  |TAMS 0x00000000e3e00000, 0x00000000e3e00000| Complete 
|  63|0x00000000e3f00000, 0x00000000e4000000, 0x00000000e4000000|100%| E|CS|TAMS 0x00000000e3f00000, 0x00000000e3f00000| Complete 

Card table byte_map: [0x00000240f9b00000,0x00000240f9c00000] _byte_map_base: 0x00000240f9400000

Marking Bits (Prev, Next): (CMBitMap*) 0x00000240e32708a0, (CMBitMap*) 0x00000240e32708e0
 Prev Bits: [0x00000240f9d00000, 0x00000240fa500000)
 Next Bits: [0x00000240fa500000, 0x00000240fad00000)

Polling page: 0x00000240e10f0000

Metaspace:

Usage:
  Non-class:      4.07 MB used.
      Class:    380.91 KB used.
       Both:      4.44 MB used.

Virtual space:
  Non-class space:       64.00 MB reserved,       4.12 MB (  6%) committed,  1 nodes.
      Class space:        1.00 GB reserved,     448.00 KB ( <1%) committed,  1 nodes.
             Both:        1.06 GB reserved,       4.56 MB ( <1%) committed. 

Chunk freelists:
   Non-Class:  10.99 MB
       Class:  15.62 MB
        Both:  26.61 MB

MaxMetaspaceSize: unlimited
CompressedClassSpaceSize: 1.00 GB
Initial GC threshold: 21.00 MB
Current GC threshold: 21.00 MB
CDS: off
MetaspaceReclaimPolicy: balanced
 - commit_granule_bytes: 65536.
 - commit_granule_words: 8192.
 - virtual_space_node_default_size: 8388608.
 - enlarge_chunks_in_place: 1.
 - new_chunks_are_fully_committed: 0.
 - uncommit_free_chunks: 1.
 - use_allocation_guard: 0.
 - handle_deallocations: 1.


Internal statistics:

num_allocs_failed_limit: 0.
num_arena_births: 4.
num_arena_deaths: 0.
num_vsnodes_births: 2.
num_vsnodes_deaths: 0.
num_space_committed: 73.
num_space_uncommitted: 0.
num_chunks_returned_to_freelist: 0.
num_chunks_taken_from_freelist: 9.
num_chunk_merges: 0.
num_chunk_splits: 5.
num_chunks_enlarged: 1.
num_inconsistent_stats: 0.

CodeHeap 'non-profiled nmethods': size=120000Kb used=20Kb max_used=20Kb free=119979Kb
 bounds [0x00000240f25d0000, 0x00000240f2840000, 0x00000240f9b00000]
CodeHeap 'profiled nmethods': size=120000Kb used=140Kb max_used=140Kb free=119859Kb
 bounds [0x00000240eab00000, 0x00000240ead70000, 0x00000240f2030000]
CodeHeap 'non-nmethods': size=5760Kb used=1055Kb max_used=1055Kb free=4704Kb
 bounds [0x00000240f2030000, 0x00000240f22a0000, 0x00000240f25d0000]
 total_blobs=426 nmethods=109 adapters=230
 compilation: enabled
              stopped_count=0, restarted_count=0
 full_count=0

Compilation events (20 events):
Event: 0.319 Thread 0x000002408015b820   99       3       java.lang.AbstractStringBuilder::<init> (39 bytes)
Event: 0.319 Thread 0x000002408015b820 nmethod 99 0x00000240eab20110 code [0x00000240eab202c0, 0x00000240eab20538]
Event: 0.321 Thread 0x000002408015b820  101       3       java.util.Optional::<init> (10 bytes)
Event: 0.321 Thread 0x000002408015b820 nmethod 101 0x00000240eab20610 code [0x00000240eab207a0, 0x00000240eab20958]
Event: 0.321 Thread 0x000002408015b820  102       3       java.lang.StringBuilder::toString (35 bytes)
Event: 0.321 Thread 0x000002408015b820 nmethod 102 0x00000240eab20a10 code [0x00000240eab20be0, 0x00000240eab20eb8]
Event: 0.342 Thread 0x000002408015b820  103       3       java.util.zip.ZipUtils::SH (21 bytes)
Event: 0.342 Thread 0x000002408015b820 nmethod 103 0x00000240eab20f90 code [0x00000240eab21120, 0x00000240eab21278]
Event: 0.345 Thread 0x000002408015b820  104       3       java.lang.System::getSecurityManager (12 bytes)
Event: 0.346 Thread 0x000002408015b820 nmethod 104 0x00000240eab21390 code [0x00000240eab21520, 0x00000240eab21698]
Event: 0.346 Thread 0x000002408015b820  105       3       java.lang.System::allowSecurityManager (13 bytes)
Event: 0.346 Thread 0x000002408015b820 nmethod 105 0x00000240eab21790 code [0x00000240eab21920, 0x00000240eab21a38]
Event: 0.346 Thread 0x000002408015b820  107       3       java.lang.String::getBytes (46 bytes)
Event: 0.347 Thread 0x000002408015b820 nmethod 107 0x00000240eab21a90 code [0x00000240eab21c60, 0x00000240eab21f78]
Event: 0.347 Thread 0x000002408015b820  106       3       java.lang.AbstractStringBuilder::getCoder (15 bytes)
Event: 0.347 Thread 0x000002408015b820 nmethod 106 0x00000240eab22090 code [0x00000240eab22220, 0x00000240eab22358]
Event: 0.353 Thread 0x000002408015b820  108       3       java.lang.StringLatin1::indexOf (36 bytes)
Event: 0.353 Thread 0x000002408015b820 nmethod 108 0x00000240eab22410 code [0x00000240eab225e0, 0x00000240eab228e8]
Event: 0.353 Thread 0x000002408015b820  109       3       java.lang.AbstractStringBuilder::putStringAt (34 bytes)
Event: 0.354 Thread 0x000002408015b820 nmethod 109 0x00000240eab22a10 code [0x00000240eab22be0, 0x00000240eab22ef8]

GC Heap History (0 events):
No events

Deoptimization events (6 events):
Event: 0.316 Thread 0x00000240e32420e0 Uncommon trap: trap_request=0xffffff45 fr.pc=0x00000240f25d0ff4 relative=0x0000000000000074
Event: 0.316 Thread 0x00000240e32420e0 Uncommon trap: reason=unstable_if action=reinterpret pc=0x00000240f25d0ff4 method=java.lang.String.isLatin1()Z @ 10 c2
Event: 0.316 Thread 0x00000240e32420e0 DEOPT PACKING pc=0x00000240f25d0ff4 sp=0x000000df118ff070
Event: 0.316 Thread 0x00000240e32420e0 DEOPT UNPACKING pc=0x00000240f20823a3 sp=0x000000df118fefb0 mode 2
Event: 0.353 Thread 0x00000240e32420e0 DEOPT PACKING pc=0x00000240eab0bae7 sp=0x000000df118fafe0
Event: 0.353 Thread 0x00000240e32420e0 DEOPT UNPACKING pc=0x00000240f2082b43 sp=0x000000df118fa400 mode 0

Classes unloaded (0 events):
No events

Classes redefined (0 events):
No events

Internal exceptions (0 events):
No events

VM Operations (0 events):
No events

Events (20 events):
Event: 0.351 loading class java/security/SecureClassLoader$1 done
Event: 0.351 loading class sun/security/util/LazyCodeSourcePermissionCollection
Event: 0.352 loading class java/security/PermissionCollection
Event: 0.352 loading class java/security/PermissionCollection done
Event: 0.352 loading class sun/security/util/LazyCodeSourcePermissionCollection done
Event: 0.352 loading class java/security/Permissions
Event: 0.352 loading class java/security/Permissions done
Event: 0.352 loading class java/lang/RuntimePermission
Event: 0.352 loading class java/lang/RuntimePermission done
Event: 0.352 loading class java/security/BasicPermissionCollection
Event: 0.352 loading class java/security/BasicPermissionCollection done
Event: 0.352 loading class java/security/AllPermission
Event: 0.352 loading class java/security/AllPermission done
Event: 0.352 loading class java/security/UnresolvedPermission
Event: 0.352 loading class java/security/UnresolvedPermission done
Event: 0.352 loading class java/security/SecureClassLoader$DebugHolder
Event: 0.352 loading class java/security/SecureClassLoader$DebugHolder done
Event: 0.352 loading class sun/security/util/Debug
Event: 0.352 loading class sun/security/util/Debug done
Event: 0.355 loading class java/net/URLClassLoader


Dynamic libraries:
0x00007ff786080000 - 0x00007ff786090000 	C:\Program Files\Java\jdk-17\bin\java.exe
0x00007ffee8ed0000 - 0x00007ffee90c8000 	C:\Windows\SYSTEM32\ntdll.dll
0x00007ffee8c20000 - 0x00007ffee8ce2000 	C:\Windows\System32\KERNEL32.DLL
0x00007ffee6980000 - 0x00007ffee6c76000 	C:\Windows\System32\KERNELBASE.dll
0x00007ffee6560000 - 0x00007ffee6660000 	C:\Windows\System32\ucrtbase.dll
0x00007ffee35e0000 - 0x00007ffee35f9000 	C:\Program Files\Java\jdk-17\bin\jli.dll
0x00007ffee0e40000 - 0x00007ffee0e5b000 	C:\Program Files\Java\jdk-17\bin\VCRUNTIME140.dll
0x00007ffee7450000 - 0x00007ffee7501000 	C:\Windows\System32\ADVAPI32.dll
0x00007ffee7850000 - 0x00007ffee78ee000 	C:\Windows\System32\msvcrt.dll
0x00007ffee7910000 - 0x00007ffee79af000 	C:\Windows\System32\sechost.dll
0x00007ffee8cf0000 - 0x00007ffee8e10000 	C:\Windows\System32\RPCRT4.dll
0x00007ffee6e30000 - 0x00007ffee6e57000 	C:\Windows\System32\bcrypt.dll
0x00007ffee89b0000 - 0x00007ffee8b51000 	C:\Windows\System32\USER32.dll
0x00007ffee6db0000 - 0x00007ffee6dd2000 	C:\Windows\System32\win32u.dll
0x00007ffece060000 - 0x00007ffece2fb000 	C:\Windows\WinSxS\amd64_microsoft.windows.common-controls_6595b64144ccf1df_6.0.19041.6456_none_60b8a6cb71f64256\COMCTL32.dll
0x00007ffee8110000 - 0x00007ffee813b000 	C:\Windows\System32\GDI32.dll
0x00007ffee6660000 - 0x00007ffee6779000 	C:\Windows\System32\gdi32full.dll
0x00007ffee6780000 - 0x00007ffee681d000 	C:\Windows\System32\msvcp_win.dll
0x00007ffee11b0000 - 0x00007ffee11ba000 	C:\Windows\SYSTEM32\VERSION.dll
0x00007ffee8980000 - 0x00007ffee89af000 	C:\Windows\System32\IMM32.DLL
0x00007ffee0c60000 - 0x00007ffee0c6c000 	C:\Program Files\Java\jdk-17\bin\vcruntime140_1.dll
0x00007ffed0f90000 - 0x00007ffed101e000 	C:\Program Files\Java\jdk-17\bin\msvcp140.dll
0x00007ffe955d0000 - 0x00007ffe961b0000 	C:\Program Files\Java\jdk-17\bin\server\jvm.dll
0x00007ffee7bb0000 - 0x00007ffee7bb8000 	C:\Windows\System32\PSAPI.DLL
0x00007ffed82c0000 - 0x00007ffed82c9000 	C:\Windows\SYSTEM32\WSOCK32.dll
0x00007ffece430000 - 0x00007ffece457000 	C:\Windows\SYSTEM32\WINMM.dll
0x00007ffee77e0000 - 0x00007ffee784b000 	C:\Windows\System32\WS2_32.dll
0x00007ffee43b0000 - 0x00007ffee43c2000 	C:\Windows\SYSTEM32\kernel.appcore.dll
0x00007ffee0c50000 - 0x00007ffee0c5a000 	C:\Program Files\Java\jdk-17\bin\jimage.dll
0x00007ffee0170000 - 0x00007ffee0371000 	C:\Windows\SYSTEM32\DBGHELP.DLL
0x00007ffee0030000 - 0x00007ffee0064000 	C:\Windows\SYSTEM32\dbgcore.DLL
0x00007ffee6e60000 - 0x00007ffee6ee2000 	C:\Windows\System32\bcryptPrimitives.dll
0x00007ffed1960000 - 0x00007ffed1985000 	C:\Program Files\Java\jdk-17\bin\java.dll
0x00007ffebaa00000 - 0x00007ffebaad7000 	C:\Program Files\Java\jdk-17\bin\jsvml.dll
0x00007ffee8140000 - 0x00007ffee88b0000 	C:\Windows\System32\SHELL32.dll
0x00007ffee45b0000 - 0x00007ffee4d55000 	C:\Windows\SYSTEM32\windows.storage.dll
0x00007ffee7cf0000 - 0x00007ffee8044000 	C:\Windows\System32\combase.dll
0x00007ffee5dd0000 - 0x00007ffee5dfb000 	C:\Windows\SYSTEM32\Wldp.dll
0x00007ffee88b0000 - 0x00007ffee897d000 	C:\Windows\System32\OLEAUT32.dll
0x00007ffee8b70000 - 0x00007ffee8c1d000 	C:\Windows\System32\SHCORE.dll
0x00007ffee8050000 - 0x00007ffee80ab000 	C:\Windows\System32\shlwapi.dll
0x00007ffee6490000 - 0x00007ffee64b4000 	C:\Windows\SYSTEM32\profapi.dll
0x00007ffeddf30000 - 0x00007ffeddf49000 	C:\Program Files\Java\jdk-17\bin\net.dll
0x00007ffedf220000 - 0x00007ffedf32a000 	C:\Windows\SYSTEM32\WINHTTP.dll
0x00007ffee5bb0000 - 0x00007ffee5c1a000 	C:\Windows\system32\mswsock.dll
0x00007ffeda3a0000 - 0x00007ffeda3b6000 	C:\Program Files\Java\jdk-17\bin\nio.dll
0x00007ffede240000 - 0x00007ffede258000 	C:\Program Files\Java\jdk-17\bin\zip.dll

dbghelp: loaded successfully - version: 4.0.5 - missing functions: none
symbol engine: initialized successfully - sym options: 0x614 - pdb path: .;C:\Program Files\Java\jdk-17\bin;C:\Windows\SYSTEM32;C:\Windows\WinSxS\amd64_microsoft.windows.common-controls_6595b64144ccf1df_6.0.19041.6456_none_60b8a6cb71f64256;C:\Program Files\Java\jdk-17\bin\server

VM Arguments:
jvm_args: -Dorg.gradle.internal.worker.tmpdir=D:\Java_Workspace\netflixDgx\build\tmp\test\work -Xmx512m -Dfile.encoding=UTF-8 -Duser.country=IN -Duser.language=en -Duser.variant -ea 
java_command: worker.org.gradle.process.internal.worker.GradleWorkerMain 'Gradle Test Executor 1'
java_class_path (initial): C:\\Users\\User\\.gradle\\caches\\8.14.4\\workerMain\\gradle-worker.jar;D:\\Java_Workspace\\netflixDgx\\build\\classes\\java\\test;D:\\Java_Workspace\\netflixDgx\\build\\classes\\java\\main;D:\\Java_Workspace\\netflixDgx\\build\\resources\\main;C:\\Users\\User\\.gradle\\caches\\modules-2\\files-2.1\\com.netflix.graphql.dgs.codegen\\graphql-dgs-codegen-shared-core\\7.0.3\\15a5e6f26f897ff0445c36ad9374500499a9151e\\graphql-dgs-codegen-shared-core-7.0.3.jar;C:\\Users\\User\\.gradle\\caches\\modules-2\\files-2.1\\org.springframework.boot\\spring-boot-starter-web\\3.5.11\\68fde4c94249e92526105a93ac7c22bd89b6945e\\spring-boot-starter-web-3.5.11.jar;C:\\Users\\User\\.gradle\\caches\\modules-2\\files-2.1\\com.netflix.graphql.dgs\\graphql-dgs-extended-scalars\\10.4.0\\3c6b38265dcea8afae68ce0a18ce5a982e753a15\\graphql-dgs-extended-scalars-10.4.0.jar;C:\\Users\\User\\.gradle\\caches\\modules-2\\files-2.1\\com.netflix.graphql.dgs\\graphql-dgs-pagination\\10.4.0\\a97ef46b4d4e2bb73d1f8a286edb128f1a65b3b9\\graphql-dgs-pagination-10.4.0.jar;C:\\Users\\User\\.gradle\\caches\\modules-2\\files-2.1\\com.netflix.graphql.dgs\\graphql-dgs-spring-graphql-starter-test\\10.4.0\\cd24de7da1661cee2629017f5a732887c4e2318f\\graphql-dgs-spring-graphql-starter-test-10.4.0.jar;C:\\Users\\User\\.gradle\\caches\\modules-2\\files-2.1\\com.netflix.graphql.dgs\\dgs-starter\\10.4.0\\cc5dd6cf8a2112e3650a64dfa5389af1d944a56b\\dgs-starter-10.4.0.jar;C:\\Users\\User\\.gradle\\caches\\modules-2\\files-2.1\\com.netflix.graphql.dgs\\graphql-dgs-spring-graphql\\10.4.0\\79da555366a5b7e6c4ad6377643f08204d7447b\\graphql-dgs-spring-graphql-10.4.0.jar;C:\\Users\\User\\.gradle\\caches\\modules-2\\files-2.1\\com.netflix.graphql.dgs\\graphql-dgs-reactive\\10.4.0\\2c23320d9c62c8dbaf514d2e39711f7c4a77f565\\graphql-dgs-reactive-10.4.0.jar;C:\\Users\\User\\.gradle\\caches\\modules-2\\files-2.1\\com.netflix.graphql.dgs\\graphql-dgs\\10.4.0\\713f696fa62fc7d346e7bff2f3457dac3b3992fe\\graphql-dgs-10.4
Launcher Type: SUN_STANDARD

[Global flags]
     intx CICompilerCount                          = 3                                         {product} {ergonomic}
     uint ConcGCThreads                            = 1                                         {product} {ergonomic}
     uint G1ConcRefinementThreads                  = 4                                         {product} {ergonomic}
   size_t G1HeapRegionSize                         = 1048576                                   {product} {ergonomic}
    uintx GCDrainStackTargetSize                   = 64                                        {product} {ergonomic}
   size_t InitialHeapSize                          = 67108864                                  {product} {ergonomic}
   size_t MarkStackSize                            = 4194304                                   {product} {ergonomic}
   size_t MaxHeapSize                              = 536870912                                 {product} {command line}
   size_t MaxNewSize                               = 321912832                                 {product} {ergonomic}
   size_t MinHeapDeltaBytes                        = 1048576                                   {product} {ergonomic}
   size_t MinHeapSize                              = 8388608                                   {product} {ergonomic}
    uintx NonNMethodCodeHeapSize                   = 5832780                                {pd product} {ergonomic}
    uintx NonProfiledCodeHeapSize                  = 122912730                              {pd product} {ergonomic}
    uintx ProfiledCodeHeapSize                     = 122912730                              {pd product} {ergonomic}
    uintx ReservedCodeCacheSize                    = 251658240                              {pd product} {ergonomic}
     bool SegmentedCodeCache                       = true                                      {product} {ergonomic}
   size_t SoftMaxHeapSize                          = 536870912                              {manageable} {ergonomic}
     bool UseCompressedClassPointers               = true                           {product lp64_product} {ergonomic}
     bool UseCompressedOops                        = true                           {product lp64_product} {ergonomic}
     bool UseG1GC                                  = true                                      {product} {ergonomic}
     bool UseLargePagesIndividualAllocation        = false                                  {pd product} {ergonomic}

Logging:
Log output configuration:
 #0: stdout all=warning uptime,level,tags
 #1: stderr all=off uptime,level,tags

Environment Variables:
JAVA_HOME=C:\Program Files\Java\jdk-17
PATH=C:\Program Files\Common Files\Oracle\Java\javapath;C:\Windows\system32;C:\Windows;C:\Windows\System32\Wbem;C:\Windows\System32\WindowsPowerShell\v1.0\;C:\Windows\System32\OpenSSH\;C:\Program Files\Git\cmd;C:\Program Files\Java\jdk-17\bin;;C:\Program Files\Docker\Docker\resources\bin;C:\Program Files\dotnet\;C:\Program Files\MySQL\MySQL Shell 8.0\bin\;C:\Users\User\AppData\Local\Microsoft\WindowsApps;C:\Users\User\AppData\Local\Programs\Microsoft VS Code\bin;C:\Program Files\Java\jdk-17\bin;C:\Windows\System32\cmd.exe;;C:\Program Files\JetBrains\IntelliJ IDEA Community Edition 2025.1.2\bin;
USERNAME=User
OS=Windows_NT
PROCESSOR_IDENTIFIER=Intel64 Family 6 Model 58 Stepping 9, GenuineIntel



---------------  S Y S T E M  ---------------

OS:
 Windows 10 , 64 bit Build 19041 (10.0.19041.5915)
OS uptime: 5 days 17:35 hours
Hyper-V role detected

CPU: total 4 (initial active 4) (2 cores per cpu, 2 threads per core) family 6 model 58 stepping 9 microcode 0x21, cx8, cmov, fxsr, ht, mmx, sse, sse2, sse3, ssse3, sse4.1, sse4.2, popcnt, tsc, tscinvbit, avx, erms, clmul, vzeroupper, clflush, hv

Memory: 4k page, system-wide physical 3989M (386M free)
TotalPageFile size 16277M (AvailPageFile size 0M)
current process WorkingSet (physical memory assigned to process): 27M, peak: 27M
current process commit charge ("private bytes"): 127M, peak: 127M

vm_info: Java HotSpot(TM) 64-Bit Server VM (17.0.12+8-LTS-286) for windows-amd64 JRE (17.0.12+8-LTS-286), built on Jun  5 2024 06:46:59 by "mach5one" with MS VC++ 17.6 (VS2022)

END.
